 ---=== Start Migration of project learning-registry ===---
 * Task [ChangeMappingFileMigrationTask] : Applied successfully
 * Task [AddJavaVersionMigrationTask] : Applied successfully
 * Task [ResetMavenTemplateMigrationTask] : Applied successfully
 * Task [UpdateToJava8VersionMigrationTask] : Applied successfully
 * Task [Add Product Values] : Nothing to do
 * Task [UpdateGitIgnoreMigrationTask] : Nothing to do
 * Task [ChangeDriverJarForProjectSetting] : Nothing to do
 * Task [RepositoryProjectDate] : Applied successfully
 * Task [UpdateBeansDefaultLibrariesMigrationTask] : Nothing to do
 * Task [RemovePigudfModulesMigrationTask] : Nothing to do
 * Task [Fix a problem of project resources linked to items] : Nothing to do
 * Task [NewJMSComponentMigrationTask] : Nothing to do
 * Task [AggregateStrategyMigrationTask] : Nothing to do
 * Task [RestRequestWrongCallMigrationTask] : Applied successfully
 * Task [UpdateCJMSProjectTask] : Nothing to do
 * Task [UpdatecJMSMigrationTask] : Nothing to do
 * Task [cSetHeaderSupportMultiHeadersTask] : Nothing to do
 * Task [cBeanCTalendJobMigrationTask] : Nothing to do
 * Task [AddPropagateHeaderTocTalendJobMigrationTask] : Nothing to do
 * Task [DisconnectErroHandlerMigrationTask] : Nothing to do
 * Task [UpdateCXFDataFormatMigrationTask] : Nothing to do
 * Task [FinalVersionUpgradeMigrationTask] : Nothing to do
 * Task [AddSpringConfigurationMigrationTask] : Nothing to do
 * Task [ConsumesTypeMigrationTask] : Nothing to do
 * Task [FormContentTypeMigrationTask] : Applied successfully
 * Task [cLogLoggingCategoryMigrationTask] : Nothing to do
 * Task [Rename_cJMSConnectionFactory_To_cMQConnectionFactory_MigrationTask] : Nothing to do
 * Task [UnifyPasswordEncryption4ParametersInRouteMigrationTask] : Nothing to do
 * Task [AddSpringConfigurationPropertyMigrationTask] : Nothing to do
 * Task [UpdatecSOAPServiceNamePortNameDefault] : Nothing to do
 * Task [RemoveRouteComponentId] : Nothing to do
 * Task [UpdateRouteResourceTypeMigrationTask] : Nothing to do
 * Task [FixUnevenItemContextParametersMigrationTask] : Nothing to do
 * Task [ReviseInvalidContextNamesMigrationTask] : Nothing to do
 * Task [UpdateELTComponentMigrationTask] : Nothing to do
 * Task [Change MSSQL DBVersion] : Nothing to do
 * Task [ChangeTypeMappingForRedshift] : Applied successfully
 * Task [AddNewIgnoreNullSettingForTMicrosoftCrmOutputTask] : Applied successfully
 * Task [UncheckExceptionOnFileExistMigrationTask] : Applied successfully
 * Task [ResetVMArgumentMigrationTask] : Applied successfully
 * Task [NewAzureBlobMigrationTask] : Nothing to do
 * Task [RenameToCSoapAndCRestMigrationTask] : Nothing to do
 * Task [cCXFWsdlFileRepoMigrationTask] : Nothing to do
 * Task [NewMarketoMigrationTask] : Nothing to do
 * Task [NewNetsuiteMigrationTask] : Nothing to do
 * Task [ResetItemLabelMigrationTask] : Applied successfully
 * Task [AddApiModeToMarketoComponentsMigrationTask] : Applied successfully
 * Task [ChangeDBversionForSybaseIQMigrationTask] : Applied successfully
 * Task [AddBeansDefaultLibrariesMigrationTask] : Nothing to do
 * Task [Set FailOn property to true if copy directory else set to false] : Applied successfully
 * Task [Set the Spark Dataframe Alphabatical sort order in tHiveOutput and tFileOutputParquet] : Nothing to do
 * Task [reset the 'COLUMN_DELIMITER' parameter] : Applied successfully
 * Task [Set the 'skip tailing zeros for BigDecimal' setting to false if it was null] : Applied successfully
 * Task [Configure the new INCLUDTRASHFILES property to 'true' in order to keep the same behavior as before] : Applied successfully
 * Task [NewJDBCMigrationTask] : Nothing to do
 * Task [NewMarkLogicMigrationTask] : Nothing to do
 * Task [NewGoogleDriveMigrationTask] : Nothing to do
 * Task [Dataprep701MigrationTask] : Applied successfully
 * Task [MigrationTaskFortOleDbCoseConnection] : Applied successfully
 * Task [Fill the default db version of mssql for Jobsetting] : Nothing to do
 * Task [ChangeTMatchGroupOutputConnectorTask] : Applied successfully
 * Task [NewJDBCConnectionMigrationTask] : Nothing to do
 * Task [DriverJarMigration] : Nothing to do
 * Task [AddSchemaDatePatternUseForImpalaTask] : Applied successfully
 * Task [GenerateJobPomMigrationTask] : Applied successfully
 * Task [TExtractJSONSplitListMigrationTask] : Applied successfully
 * Task [RenameParamName4tS3XXServerEncryption] : Applied successfully
 * Task [AddDefaultFTPSPortMigrationTask] : Applied successfully
 * Task [WriteJSONQuoteAllValuesMigrationTask] : Applied successfully
 * Task [FileInputPositionalByteLengthMigrationTask] : Applied successfully
 * Task [UpdateBuildTypeForCTalendJobMigrationTask] : Nothing to do
 * Task [EscapeQuoterForTNormalize] : Applied successfully
 * Task [KeepChangeRemoteDirFalseForFTPFileExist] : Applied successfully
 * Task [AddTypeNameInConnection] : Applied successfully
 * Task [RenameELTJDBCComponentsMigrationTask] : Applied successfully
 * Task [AddDbMappingTTeradataFastLoadMigrationTask] : Applied successfully
 * Task [ChangeRouteResourceItemToResourceItemTask] : Nothing to do
 * Task [PostgresqlDefaultDBVersion] : Applied successfully
 * Task [MySQLDefaultDBVersion] : Applied successfully
 * Task [UseOracle11VersionInsteadOfRemoved] : Applied successfully
 * Task [CheckS3AccessibilityMigrationTask] : Applied successfully
 * Task [DecrementLimitTFileInputDelimitedTDI32185] : Applied successfully
 * Task [SetTrustAllCertsLdapComponentsTDI41648] : Applied successfully
 * Task [RedshiftLogFileMigrationTask] : Applied successfully
 * Task [ResetAdditionalJDBCParamsForCreateTable] : Applied successfully
 * Task [SafelyCreateTemporaryFileMigrationTask] : Applied successfully
 * Task [MigrateTDataMaskingGuiTDQ16376] : Applied successfully
 * Task [RenameSalesforceWaveMigrationTask] : Applied successfully
 * Task [CleanCustomerMatcherField] : Applied successfully
 * Task [RenameTCOMPCouchbaseMigrationTask] : Applied successfully
 * Task [EncryptTckMetadataMigrationTask] : Nothing to do
 * Task [AddEncodingTypeForDQComponentsTask] : Applied successfully
 * Task [AddRAWFlowTPatternMasking] : Applied successfully
 * Task [changeDBVersionForMapROJAIOutputMigrationTask] : Applied successfully
 * Task [SAPBAPIParameterTypeMigrationTask] : Applied successfully
 * Task [UseDefaultJSONWrappingStandard] : Applied successfully
 * Task [AddMissingContextMigrationTask] : Applied successfully
 * Task [cleanLoginAndPasswordForRedshiftSqlForSSO] : Applied successfully
 * Task [oracleSPAutomappingDateToTimestampTask] : Applied successfully
 * Task [UpgradePasswordEncryptionAlg4ItemMigrationTask] : Applied successfully
 * Task [ChangeCDCTypeForOracle18TDI43319] : Applied successfully
 * Task [Fix empty process id parameters for tRunjob node] : Applied successfully
 * Task [ChangeDefaultValueTDI36397] : Applied successfully
 * Task [ChangeDBVersionValue4BonitaComponentsTDI43395] : Applied successfully
 * Task [UpdateDatesPatternAccordingToDeletedTimestampOption] : Nothing to do
 * Task [AutoUpdateRelationsMigrationTask] : Applied successfully
 ---=== End of migration ===---
